<?xml version="1.0" encoding="UTF-8"?>
<!-- Generated by org.testng.reporters.JUnitXMLReporter -->
<testsuite ignored="0" hostname="LAPTOP-NAR7DPDD" failures="0" tests="2" name="ChromeTest" time="97.899" errors="0" timestamp="14 Feb 2021 00:53:46 GMT">
  <testcase classname="com.nopcommerce.testCases.TC_SearchbyEmail_004" name="searchCustomerbyEmail" time="56.569"/>
  <testcase classname="com.nopcommerce.testCases.TC_Searchbyname_005" name="searchCustomerbyName" time="30.009"/>
</testsuite> <!-- ChromeTest -->
