<?xml version="1.0" encoding="UTF-8"?>
<testng-results ignored="0" total="2" passed="2" failed="0" skipped="0">
  <reporter-output>
  </reporter-output>
  <suite started-at="2021-02-14T00:52:08Z" name="nopcommerce" finished-at="2021-02-14T00:53:46Z" duration-ms="97899">
    <groups>
    </groups>
    <test started-at="2021-02-14T00:52:08Z" name="ChromeTest" finished-at="2021-02-14T00:53:46Z" duration-ms="97899">
      <class name="com.nopcommerce.testCases.TC_Searchbyname_005">
        <test-method is-config="true" signature="setup(java.lang.String)[pri:0, instance:com.nopcommerce.testCases.TC_Searchbyname_005@4f9a2c08]" started-at="2021-02-14T00:53:12Z" name="setup" finished-at="2021-02-14T00:53:15Z" duration-ms="3227" status="PASS">
          <params>
            <param index="0">
              <value>
                <![CDATA[chrome]]>
              </value>
            </param>
          </params>
          <reporter-output>
          </reporter-output>
        </test-method> <!-- setup -->
        <test-method signature="searchCustomerbyName()[pri:0, instance:com.nopcommerce.testCases.TC_Searchbyname_005@4f9a2c08]" started-at="2021-02-14T00:53:15Z" name="searchCustomerbyName" finished-at="2021-02-14T00:53:45Z" duration-ms="30009" status="PASS">
          <reporter-output>
          </reporter-output>
        </test-method> <!-- searchCustomerbyName -->
        <test-method is-config="true" signature="tearDown()[pri:0, instance:com.nopcommerce.testCases.TC_Searchbyname_005@4f9a2c08]" started-at="2021-02-14T00:53:45Z" name="tearDown" finished-at="2021-02-14T00:53:46Z" duration-ms="684" status="PASS">
          <reporter-output>
          </reporter-output>
        </test-method> <!-- tearDown -->
      </class> <!-- com.nopcommerce.testCases.TC_Searchbyname_005 -->
      <class name="com.nopcommerce.testCases.TC_SearchbyEmail_004">
        <test-method is-config="true" signature="setup(java.lang.String)[pri:0, instance:com.nopcommerce.testCases.TC_SearchbyEmail_004@33308786]" started-at="2021-02-14T00:52:08Z" name="setup" finished-at="2021-02-14T00:52:14Z" duration-ms="6218" status="PASS">
          <params>
            <param index="0">
              <value>
                <![CDATA[chrome]]>
              </value>
            </param>
          </params>
          <reporter-output>
          </reporter-output>
        </test-method> <!-- setup -->
        <test-method signature="searchCustomerbyEmail()[pri:0, instance:com.nopcommerce.testCases.TC_SearchbyEmail_004@33308786]" started-at="2021-02-14T00:52:14Z" name="searchCustomerbyEmail" finished-at="2021-02-14T00:53:11Z" duration-ms="56569" status="PASS">
          <reporter-output>
          </reporter-output>
        </test-method> <!-- searchCustomerbyEmail -->
        <test-method is-config="true" signature="tearDown()[pri:0, instance:com.nopcommerce.testCases.TC_SearchbyEmail_004@33308786]" started-at="2021-02-14T00:53:11Z" name="tearDown" finished-at="2021-02-14T00:53:12Z" duration-ms="1045" status="PASS">
          <reporter-output>
          </reporter-output>
        </test-method> <!-- tearDown -->
      </class> <!-- com.nopcommerce.testCases.TC_SearchbyEmail_004 -->
    </test> <!-- ChromeTest -->
  </suite> <!-- nopcommerce -->
</testng-results>
